2025-04-22 00:08:52,265 - INFO - Starting sentiment analysis process
2025-04-22 00:08:52,265 - INFO - Total companies to analyze: 88
2025-04-22 00:08:52,265 - INFO - Starting news scraping...
2025-04-22 00:08:52,265 - INFO - Scraping news for TSLA (Tesla) 
2025-04-22 00:08:58,975 - INFO - Found 100 articles for TSLA stock
2025-04-22 00:09:11,194 - INFO - Found 100 articles for Tesla
2025-04-22 00:09:14,202 - INFO - Total articles found for TSLA (Tesla) : 200
2025-04-22 00:09:14,206 - INFO - Scraping news for TSLA (Tesla) AI
2025-04-22 00:09:18,489 - INFO - Found 49 articles for TSLA stock AI
2025-04-22 00:09:27,001 - INFO - Found 63 articles for Tesla AI
2025-04-22 00:09:30,013 - INFO - Total articles found for TSLA (Tesla) AI: 112
2025-04-22 00:09:30,017 - INFO - Scraping news for BYDDY (BYD Company) 
2025-04-22 00:09:31,907 - INFO - Found 18 articles for BYDDY stock
2025-04-22 00:09:37,717 - INFO - Found 36 articles for BYD Company
2025-04-22 00:09:40,723 - INFO - Total articles found for BYDDY (BYD Company) : 54
2025-04-22 00:09:40,724 - INFO - Scraping news for BYDDY (BYD Company) AI
2025-04-22 00:09:41,387 - INFO - Found 3 articles for BYDDY stock AI
2025-04-22 00:09:47,017 - INFO - Found 31 articles for BYD Company AI
2025-04-22 00:09:50,021 - INFO - Total articles found for BYDDY (BYD Company) AI: 34
2025-04-22 00:09:50,023 - INFO - Scraping news for LI (Li Auto) 
2025-04-22 00:09:54,002 - INFO - Found 48 articles for LI stock
2025-04-22 00:09:59,826 - INFO - Found 35 articles for Li Auto
2025-04-22 00:10:02,831 - INFO - Total articles found for LI (Li Auto) : 83
2025-04-22 00:10:02,833 - INFO - Scraping news for LI (Li Auto) AI
2025-04-22 00:10:06,378 - INFO - Found 43 articles for LI stock AI
2025-04-22 00:10:12,063 - INFO - Found 30 articles for Li Auto AI
2025-04-22 00:10:15,068 - INFO - Total articles found for LI (Li Auto) AI: 73
2025-04-22 00:10:15,070 - INFO - Scraping news for NIO (NIO) 
2025-04-22 00:10:18,992 - INFO - Found 52 articles for NIO stock
2025-04-22 00:10:30,132 - INFO - Found 100 articles for NIO
2025-04-22 00:10:33,138 - INFO - Total articles found for NIO (NIO) : 152
2025-04-22 00:10:33,139 - INFO - Scraping news for NIO (NIO) AI
2025-04-22 00:10:35,959 - INFO - Found 31 articles for NIO stock AI
2025-04-22 00:10:42,183 - INFO - Found 41 articles for NIO AI
2025-04-22 00:10:45,188 - INFO - Total articles found for NIO (NIO) AI: 72
2025-04-22 00:10:45,189 - INFO - Scraping news for RIVN (Rivian) 
2025-04-22 00:10:47,629 - INFO - Found 30 articles for RIVN stock
2025-04-22 00:10:58,022 - INFO - Found 100 articles for Rivian
2025-04-22 00:11:01,028 - INFO - Total articles found for RIVN (Rivian) : 130
2025-04-22 00:11:01,031 - INFO - Scraping news for RIVN (Rivian) AI
2025-04-22 00:11:02,340 - INFO - Found 11 articles for RIVN stock AI
2025-04-22 00:11:08,522 - INFO - Found 40 articles for Rivian AI
2025-04-22 00:11:11,527 - INFO - Total articles found for RIVN (Rivian) AI: 51
2025-04-22 00:11:11,528 - INFO - Scraping news for LCID (Lucid Group) 
2025-04-22 00:11:15,102 - INFO - Found 44 articles for LCID stock
2025-04-22 00:11:21,238 - INFO - Found 39 articles for Lucid Group
2025-04-22 00:11:24,245 - INFO - Total articles found for LCID (Lucid Group) : 83
2025-04-22 00:11:24,249 - INFO - Scraping news for LCID (Lucid Group) AI
2025-04-22 00:11:25,316 - INFO - Found 8 articles for LCID stock AI
2025-04-22 00:11:30,197 - INFO - Found 17 articles for Lucid Group AI
2025-04-22 00:11:33,204 - INFO - Total articles found for LCID (Lucid Group) AI: 25
2025-04-22 00:11:33,206 - INFO - Scraping news for XPEV (XPeng) 
2025-04-22 00:11:35,329 - INFO - Found 18 articles for XPEV stock
2025-04-22 00:11:46,530 - INFO - Found 100 articles for XPeng
2025-04-22 00:11:49,537 - INFO - Total articles found for XPEV (XPeng) : 118
2025-04-22 00:11:49,542 - INFO - Scraping news for XPEV (XPeng) AI
2025-04-22 00:11:51,120 - INFO - Found 11 articles for XPEV stock AI
2025-04-22 00:11:59,043 - INFO - Found 55 articles for XPeng AI
2025-04-22 00:12:02,050 - INFO - Total articles found for XPEV (XPeng) AI: 66
2025-04-22 00:12:02,053 - INFO - Scraping news for NKLA (Nikola) 
2025-04-22 00:12:02,670 - INFO - Found 0 articles for NKLA stock
2025-04-22 00:12:13,253 - INFO - Found 100 articles for Nikola
2025-04-22 00:12:16,260 - INFO - Total articles found for NKLA (Nikola) : 100
2025-04-22 00:12:16,262 - INFO - Scraping news for NKLA (Nikola) AI
2025-04-22 00:12:16,850 - INFO - Found 0 articles for NKLA stock AI
2025-04-22 00:12:21,945 - INFO - Found 20 articles for Nikola AI
2025-04-22 00:12:24,947 - INFO - Total articles found for NKLA (Nikola) AI: 20
2025-04-22 00:12:24,949 - INFO - Scraping news for PSNY (Polestar) 
2025-04-22 00:12:26,200 - INFO - Found 12 articles for PSNY stock
2025-04-22 00:12:32,283 - INFO - Found 36 articles for Polestar
2025-04-22 00:12:35,289 - INFO - Total articles found for PSNY (Polestar) : 48
2025-04-22 00:12:35,292 - INFO - Scraping news for PSNY (Polestar) AI
2025-04-22 00:12:36,003 - INFO - Found 2 articles for PSNY stock AI
2025-04-22 00:12:39,958 - INFO - Found 4 articles for Polestar AI
2025-04-22 00:12:42,961 - INFO - Total articles found for PSNY (Polestar) AI: 6
2025-04-22 00:12:42,962 - INFO - Scraping news for GM (General Motors) 
2025-04-22 00:12:48,074 - INFO - Found 55 articles for GM stock
2025-04-22 00:12:59,201 - INFO - Found 100 articles for General Motors
2025-04-22 00:13:02,209 - INFO - Total articles found for GM (General Motors) : 155
2025-04-22 00:13:02,219 - INFO - Scraping news for GM (General Motors) AI
2025-04-22 00:13:05,255 - INFO - Found 33 articles for GM stock AI
2025-04-22 00:13:12,232 - INFO - Found 51 articles for General Motors AI
2025-04-22 00:13:15,234 - INFO - Total articles found for GM (General Motors) AI: 84
2025-04-22 00:13:15,235 - INFO - Scraping news for F (Ford) 
2025-04-22 00:13:20,393 - INFO - Found 69 articles for F stock
2025-04-22 00:13:30,596 - INFO - Found 100 articles for Ford
2025-04-22 00:13:33,604 - INFO - Total articles found for F (Ford) : 169
2025-04-22 00:13:33,608 - INFO - Scraping news for F (Ford) AI
2025-04-22 00:13:38,380 - INFO - Found 62 articles for F stock AI
2025-04-22 00:13:45,418 - INFO - Found 52 articles for Ford AI
2025-04-22 00:13:48,423 - INFO - Total articles found for F (Ford) AI: 114
2025-04-22 00:13:48,425 - INFO - Scraping news for VWAGY (Volkswagen) 
2025-04-22 00:13:49,319 - INFO - Found 7 articles for VWAGY stock
2025-04-22 00:13:59,370 - INFO - Found 100 articles for Volkswagen
2025-04-22 00:14:02,377 - INFO - Total articles found for VWAGY (Volkswagen) : 107
2025-04-22 00:14:02,379 - INFO - Scraping news for VWAGY (Volkswagen) AI
2025-04-22 00:14:03,171 - INFO - Found 0 articles for VWAGY stock AI
2025-04-22 00:14:11,599 - INFO - Found 50 articles for Volkswagen AI
2025-04-22 00:14:14,607 - INFO - Total articles found for VWAGY (Volkswagen) AI: 50
2025-04-22 00:14:14,614 - INFO - Scraping news for BAMXF (BMW) 
2025-04-22 00:14:15,196 - INFO - Found 1 articles for BAMXF stock
2025-04-22 00:14:26,460 - INFO - Found 100 articles for BMW
2025-04-22 00:14:29,471 - INFO - Total articles found for BAMXF (BMW) : 101
2025-04-22 00:14:29,478 - INFO - Scraping news for BAMXF (BMW) AI
2025-04-22 00:14:30,144 - INFO - Found 0 articles for BAMXF stock AI
2025-04-22 00:14:37,221 - INFO - Found 48 articles for BMW AI
2025-04-22 00:14:40,227 - INFO - Total articles found for BAMXF (BMW) AI: 48
2025-04-22 00:14:40,230 - INFO - Scraping news for HYMTF (Hyundai) 
2025-04-22 00:14:42,201 - INFO - Found 19 articles for HYMTF stock
2025-04-22 00:14:52,450 - INFO - Found 100 articles for Hyundai
2025-04-22 00:14:55,457 - INFO - Total articles found for HYMTF (Hyundai) : 119
2025-04-22 00:14:55,460 - INFO - Scraping news for HYMTF (Hyundai) AI
2025-04-22 00:14:56,220 - INFO - Found 3 articles for HYMTF stock AI
2025-04-22 00:15:03,482 - INFO - Found 55 articles for Hyundai AI
2025-04-22 00:15:06,491 - INFO - Total articles found for HYMTF (Hyundai) AI: 58
2025-04-22 00:15:06,503 - INFO - Scraping news for KIMTF (Kia) 
2025-04-22 00:15:07,197 - INFO - Found 0 articles for KIMTF stock
2025-04-22 00:15:17,316 - INFO - Found 100 articles for Kia
2025-04-22 00:15:20,321 - INFO - Total articles found for KIMTF (Kia) : 100
2025-04-22 00:15:20,325 - INFO - Scraping news for KIMTF (Kia) AI
2025-04-22 00:15:20,980 - INFO - Found 0 articles for KIMTF stock AI
2025-04-22 00:15:27,672 - INFO - Found 34 articles for Kia AI
2025-04-22 00:15:30,680 - INFO - Total articles found for KIMTF (Kia) AI: 34
2025-04-22 00:15:30,683 - INFO - Scraping news for POAHY (Porsche) 
2025-04-22 00:15:31,234 - INFO - Found 1 articles for POAHY stock
2025-04-22 00:15:43,445 - INFO - Found 100 articles for Porsche
2025-04-22 00:15:46,455 - INFO - Total articles found for POAHY (Porsche) : 101
2025-04-22 00:15:46,458 - INFO - Scraping news for POAHY (Porsche) AI
2025-04-22 00:15:47,122 - INFO - Found 1 articles for POAHY stock AI
2025-04-22 00:15:55,859 - INFO - Found 62 articles for Porsche AI
2025-04-22 00:15:58,863 - INFO - Total articles found for POAHY (Porsche) AI: 63
2025-04-22 00:15:58,871 - INFO - Scraping news for MBGYY (Mercedes-Benz) 
2025-04-22 00:15:59,647 - INFO - Found 3 articles for MBGYY stock
2025-04-22 00:16:10,294 - INFO - Found 100 articles for Mercedes-Benz
2025-04-22 00:16:13,304 - INFO - Total articles found for MBGYY (Mercedes-Benz) : 103
2025-04-22 00:16:13,308 - INFO - Scraping news for MBGYY (Mercedes-Benz) AI
2025-04-22 00:16:13,924 - INFO - Found 0 articles for MBGYY stock AI
2025-04-22 00:16:20,788 - INFO - Found 50 articles for Mercedes-Benz AI
2025-04-22 00:16:23,800 - INFO - Total articles found for MBGYY (Mercedes-Benz) AI: 50
2025-04-22 00:16:23,803 - INFO - Scraping news for STLA (Stellantis) 
2025-04-22 00:16:26,626 - INFO - Found 34 articles for STLA stock
2025-04-22 00:16:36,467 - INFO - Found 100 articles for Stellantis
2025-04-22 00:16:39,477 - INFO - Total articles found for STLA (Stellantis) : 134
2025-04-22 00:16:39,478 - INFO - Scraping news for STLA (Stellantis) AI
2025-04-22 00:16:40,263 - INFO - Found 3 articles for STLA stock AI
2025-04-22 00:16:46,459 - INFO - Found 38 articles for Stellantis AI
2025-04-22 00:16:49,470 - INFO - Total articles found for STLA (Stellantis) AI: 41
2025-04-22 00:16:49,474 - INFO - Scraping news for GELYF (Geely) 
2025-04-22 00:16:50,036 - INFO - Found 1 articles for GELYF stock
2025-04-22 00:16:56,310 - INFO - Found 38 articles for Geely
2025-04-22 00:16:59,317 - INFO - Total articles found for GELYF (Geely) : 39
2025-04-22 00:16:59,321 - INFO - Scraping news for GELYF (Geely) AI
2025-04-22 00:16:59,950 - INFO - Found 0 articles for GELYF stock AI
2025-04-22 00:17:04,577 - INFO - Found 12 articles for Geely AI
2025-04-22 00:17:07,591 - INFO - Total articles found for GELYF (Geely) AI: 12
2025-04-22 00:17:07,593 - INFO - Scraping news for GWLLY (Great Wall Motors) 
2025-04-22 00:17:08,120 - INFO - Found 1 articles for GWLLY stock
2025-04-22 00:17:14,515 - INFO - Found 36 articles for Great Wall Motors
2025-04-22 00:17:17,529 - INFO - Total articles found for GWLLY (Great Wall Motors) : 37
2025-04-22 00:17:17,534 - INFO - Scraping news for GWLLY (Great Wall Motors) AI
2025-04-22 00:17:18,213 - INFO - Found 0 articles for GWLLY stock AI
2025-04-22 00:17:22,469 - INFO - Found 8 articles for Great Wall Motors AI
2025-04-22 00:17:25,480 - INFO - Total articles found for GWLLY (Great Wall Motors) AI: 8
2025-04-22 00:17:25,481 - INFO - Scraping news for SAIC (SAIC Motor) 
2025-04-22 00:17:27,421 - INFO - Found 22 articles for SAIC stock
2025-04-22 00:17:32,604 - INFO - Found 25 articles for SAIC Motor
2025-04-22 00:17:35,615 - INFO - Total articles found for SAIC (SAIC Motor) : 47
2025-04-22 00:17:35,616 - INFO - Scraping news for SAIC (SAIC Motor) AI
2025-04-22 00:17:36,395 - INFO - Found 4 articles for SAIC stock AI
2025-04-22 00:17:40,336 - INFO - Found 6 articles for SAIC Motor AI
2025-04-22 00:17:43,347 - INFO - Total articles found for SAIC (SAIC Motor) AI: 10
2025-04-22 00:17:43,349 - INFO - Scraping news for HYLN (Hyliion) 
2025-04-22 00:17:43,966 - INFO - Found 2 articles for HYLN stock
2025-04-22 00:17:47,568 - INFO - Found 2 articles for Hyliion
2025-04-22 00:17:50,578 - INFO - Total articles found for HYLN (Hyliion) : 4
2025-04-22 00:17:50,579 - INFO - Scraping news for HYLN (Hyliion) AI
2025-04-22 00:17:51,187 - INFO - Found 0 articles for HYLN stock AI
2025-04-22 00:17:54,823 - INFO - Found 0 articles for Hyliion AI
2025-04-22 00:17:57,829 - INFO - Total articles found for HYLN (Hyliion) AI: 0
2025-04-22 00:17:57,829 - INFO - Scraping news for GNZUF (GAC Group) 
2025-04-22 00:17:58,340 - INFO - Found 1 articles for GNZUF stock
2025-04-22 00:18:04,321 - INFO - Found 37 articles for GAC Group
2025-04-22 00:18:07,323 - INFO - Total articles found for GNZUF (GAC Group) : 38
2025-04-22 00:18:07,324 - INFO - Scraping news for GNZUF (GAC Group) AI
2025-04-22 00:18:07,974 - INFO - Found 0 articles for GNZUF stock AI
2025-04-22 00:18:12,208 - INFO - Found 9 articles for GAC Group AI
2025-04-22 00:18:15,218 - INFO - Total articles found for GNZUF (GAC Group) AI: 9
2025-04-22 00:18:15,219 - INFO - Scraping news for TATAMOTORS.NS (Tata Motors) 
2025-04-22 00:18:15,925 - INFO - Found 2 articles for TATAMOTORS.NS stock
2025-04-22 00:18:27,211 - INFO - Found 100 articles for Tata Motors
2025-04-22 00:18:30,225 - INFO - Total articles found for TATAMOTORS.NS (Tata Motors) : 102
2025-04-22 00:18:30,228 - INFO - Scraping news for TATAMOTORS.NS (Tata Motors) AI
2025-04-22 00:18:30,892 - INFO - Found 1 articles for TATAMOTORS.NS stock AI
2025-04-22 00:18:38,453 - INFO - Found 60 articles for Tata Motors AI
2025-04-22 00:18:41,463 - INFO - Total articles found for TATAMOTORS.NS (Tata Motors) AI: 61
2025-04-22 00:18:41,465 - INFO - Scraping news for MAHMF (Mahindra) 
2025-04-22 00:18:42,124 - INFO - Found 0 articles for MAHMF stock
2025-04-22 00:18:52,361 - INFO - Found 100 articles for Mahindra
2025-04-22 00:18:55,369 - INFO - Total articles found for MAHMF (Mahindra) : 100
2025-04-22 00:18:55,371 - INFO - Scraping news for MAHMF (Mahindra) AI
2025-04-22 00:18:55,986 - INFO - Found 0 articles for MAHMF stock AI
2025-04-22 00:19:01,838 - INFO - Found 35 articles for Mahindra AI
2025-04-22 00:19:04,850 - INFO - Total articles found for MAHMF (Mahindra) AI: 35
2025-04-22 00:19:04,852 - INFO - Scraping news for RNLSY (Renault) 
2025-04-22 00:19:05,373 - INFO - Found 1 articles for RNLSY stock
2025-04-22 00:19:15,972 - INFO - Found 100 articles for Renault
2025-04-22 00:19:18,978 - INFO - Total articles found for RNLSY (Renault) : 101
2025-04-22 00:19:18,980 - INFO - Scraping news for RNLSY (Renault) AI
2025-04-22 00:19:19,598 - INFO - Found 0 articles for RNLSY stock AI
2025-04-22 00:19:24,515 - INFO - Found 19 articles for Renault AI
2025-04-22 00:19:27,520 - INFO - Total articles found for RNLSY (Renault) AI: 19
2025-04-22 00:19:27,521 - INFO - Scraping news for NSANY (Nissan) 
2025-04-22 00:19:28,402 - INFO - Found 5 articles for NSANY stock
2025-04-22 00:19:38,756 - INFO - Found 100 articles for Nissan
2025-04-22 00:19:41,758 - INFO - Total articles found for NSANY (Nissan) : 105
2025-04-22 00:19:41,762 - INFO - Scraping news for NSANY (Nissan) AI
2025-04-22 00:19:42,726 - INFO - Found 4 articles for NSANY stock AI
2025-04-22 00:19:49,667 - INFO - Found 39 articles for Nissan AI
2025-04-22 00:19:52,682 - INFO - Total articles found for NSANY (Nissan) AI: 43
2025-04-22 00:19:52,687 - INFO - Scraping news for MMTOF (Mitsubishi Motors) 
2025-04-22 00:19:53,357 - INFO - Found 1 articles for MMTOF stock
2025-04-22 00:19:59,253 - INFO - Found 31 articles for Mitsubishi Motors
2025-04-22 00:20:02,260 - INFO - Total articles found for MMTOF (Mitsubishi Motors) : 32
2025-04-22 00:20:02,263 - INFO - Scraping news for MMTOF (Mitsubishi Motors) AI
2025-04-22 00:20:02,919 - INFO - Found 0 articles for MMTOF stock AI
2025-04-22 00:20:07,608 - INFO - Found 15 articles for Mitsubishi Motors AI
2025-04-22 00:20:10,614 - INFO - Total articles found for MMTOF (Mitsubishi Motors) AI: 15
2025-04-22 00:20:10,616 - INFO - Scraping news for JPM (JPMorgan Chase) 
2025-04-22 00:20:16,158 - INFO - Found 75 articles for JPM stock
2025-04-22 00:20:26,161 - INFO - Found 100 articles for JPMorgan Chase
2025-04-22 00:20:29,167 - INFO - Total articles found for JPM (JPMorgan Chase) : 175
2025-04-22 00:20:29,169 - INFO - Scraping news for JPM (JPMorgan Chase) AI
2025-04-22 00:20:32,646 - INFO - Found 45 articles for JPM stock AI
2025-04-22 00:20:39,603 - INFO - Found 51 articles for JPMorgan Chase AI
2025-04-22 00:20:42,609 - INFO - Total articles found for JPM (JPMorgan Chase) AI: 96
2025-04-22 00:20:42,611 - INFO - Scraping news for BAC (Bank of America) 
2025-04-22 00:20:47,977 - INFO - Found 75 articles for BAC stock
2025-04-22 00:20:59,854 - INFO - Found 100 articles for Bank of America
2025-04-22 00:21:02,865 - INFO - Total articles found for BAC (Bank of America) : 175
2025-04-22 00:21:02,868 - INFO - Scraping news for BAC (Bank of America) AI
2025-04-22 00:21:08,724 - INFO - Found 49 articles for BAC stock AI
2025-04-22 00:21:15,801 - INFO - Found 48 articles for Bank of America AI
2025-04-22 00:21:18,807 - INFO - Total articles found for BAC (Bank of America) AI: 97
2025-04-22 00:21:18,810 - INFO - Scraping news for WFC (Wells Fargo) 
2025-04-22 00:21:23,163 - INFO - Found 55 articles for WFC stock
2025-04-22 00:21:33,888 - INFO - Found 100 articles for Wells Fargo
2025-04-22 00:21:36,894 - INFO - Total articles found for WFC (Wells Fargo) : 155
2025-04-22 00:21:36,904 - INFO - Scraping news for WFC (Wells Fargo) AI
2025-04-22 00:21:40,300 - INFO - Found 39 articles for WFC stock AI
2025-04-22 00:21:46,042 - INFO - Found 30 articles for Wells Fargo AI
2025-04-22 00:21:49,048 - INFO - Total articles found for WFC (Wells Fargo) AI: 69
2025-04-22 00:21:49,049 - INFO - Scraping news for C (Citigroup) 
2025-04-22 00:21:53,789 - INFO - Found 47 articles for C stock
2025-04-22 00:22:04,449 - INFO - Found 100 articles for Citigroup
2025-04-22 00:22:07,455 - INFO - Total articles found for C (Citigroup) : 147
2025-04-22 00:22:07,456 - INFO - Scraping news for C (Citigroup) AI
2025-04-22 00:22:11,309 - INFO - Found 45 articles for C stock AI
2025-04-22 00:22:18,320 - INFO - Found 48 articles for Citigroup AI
2025-04-22 00:22:21,329 - INFO - Total articles found for C (Citigroup) AI: 93
2025-04-22 00:22:21,332 - INFO - Scraping news for GS (Goldman Sachs) 
2025-04-22 00:22:25,682 - INFO - Found 54 articles for GS stock
2025-04-22 00:22:35,478 - INFO - Found 100 articles for Goldman Sachs
2025-04-22 00:22:38,484 - INFO - Total articles found for GS (Goldman Sachs) : 154
2025-04-22 00:22:38,486 - INFO - Scraping news for GS (Goldman Sachs) AI
2025-04-22 00:22:41,574 - INFO - Found 40 articles for GS stock AI
2025-04-22 00:22:48,143 - INFO - Found 45 articles for Goldman Sachs AI
2025-04-22 00:22:51,149 - INFO - Total articles found for GS (Goldman Sachs) AI: 85
2025-04-22 00:22:51,151 - INFO - Scraping news for MS (Morgan Stanley) 
2025-04-22 00:22:55,851 - INFO - Found 54 articles for MS stock
2025-04-22 00:23:05,803 - INFO - Found 100 articles for Morgan Stanley
2025-04-22 00:23:08,808 - INFO - Total articles found for MS (Morgan Stanley) : 154
2025-04-22 00:23:08,809 - INFO - Scraping news for MS (Morgan Stanley) AI
2025-04-22 00:23:11,923 - INFO - Found 37 articles for MS stock AI
2025-04-22 00:23:17,575 - INFO - Found 29 articles for Morgan Stanley AI
2025-04-22 00:23:20,582 - INFO - Total articles found for MS (Morgan Stanley) AI: 66
2025-04-22 00:23:20,585 - INFO - Scraping news for USB (U.S. Bancorp) 
2025-04-22 00:23:24,973 - INFO - Found 58 articles for USB stock
2025-04-22 00:23:34,553 - INFO - Found 100 articles for U.S. Bancorp
2025-04-22 00:23:37,559 - INFO - Total articles found for USB (U.S. Bancorp) : 158
2025-04-22 00:23:37,562 - INFO - Scraping news for USB (U.S. Bancorp) AI
2025-04-22 00:23:39,973 - INFO - Found 18 articles for USB stock AI
2025-04-22 00:23:46,253 - INFO - Found 44 articles for U.S. Bancorp AI
2025-04-22 00:23:49,259 - INFO - Total articles found for USB (U.S. Bancorp) AI: 62
2025-04-22 00:23:49,260 - INFO - Scraping news for PNC (PNC Financial) 
2025-04-22 00:23:53,517 - INFO - Found 59 articles for PNC stock
2025-04-22 00:24:03,259 - INFO - Found 99 articles for PNC Financial
2025-04-22 00:24:06,265 - INFO - Total articles found for PNC (PNC Financial) : 158
2025-04-22 00:24:06,268 - INFO - Scraping news for PNC (PNC Financial) AI
2025-04-22 00:24:07,688 - INFO - Found 13 articles for PNC stock AI
2025-04-22 00:24:12,594 - INFO - Found 19 articles for PNC Financial AI
2025-04-22 00:24:15,601 - INFO - Total articles found for PNC (PNC Financial) AI: 32
2025-04-22 00:24:15,604 - INFO - Scraping news for TFC (Truist Financial) 
2025-04-22 00:24:20,782 - INFO - Found 53 articles for TFC stock
2025-04-22 00:24:31,463 - INFO - Found 100 articles for Truist Financial
2025-04-22 00:24:34,471 - INFO - Total articles found for TFC (Truist Financial) : 153
2025-04-22 00:24:34,481 - INFO - Scraping news for TFC (Truist Financial) AI
2025-04-22 00:24:35,873 - INFO - Found 9 articles for TFC stock AI
2025-04-22 00:24:42,963 - INFO - Found 55 articles for Truist Financial AI
2025-04-22 00:24:45,969 - INFO - Total articles found for TFC (Truist Financial) AI: 64
2025-04-22 00:24:45,970 - INFO - Scraping news for COF (Capital One) 
2025-04-22 00:24:49,327 - INFO - Found 43 articles for COF stock
2025-04-22 00:24:58,916 - INFO - Found 100 articles for Capital One
2025-04-22 00:25:01,922 - INFO - Total articles found for COF (Capital One) : 143
2025-04-22 00:25:01,926 - INFO - Scraping news for COF (Capital One) AI
2025-04-22 00:25:04,735 - INFO - Found 34 articles for COF stock AI
2025-04-22 00:25:11,399 - INFO - Found 48 articles for Capital One AI
2025-04-22 00:25:14,405 - INFO - Total articles found for COF (Capital One) AI: 82
2025-04-22 00:25:14,407 - INFO - Scraping news for TD (TD Bank) 
2025-04-22 00:25:21,159 - INFO - Found 100 articles for TD stock
2025-04-22 00:25:29,690 - INFO - Found 62 articles for TD Bank
2025-04-22 00:25:32,712 - INFO - Total articles found for TD (TD Bank) : 162
2025-04-22 00:25:32,717 - INFO - Scraping news for TD (TD Bank) AI
2025-04-22 00:25:36,647 - INFO - Found 46 articles for TD stock AI
2025-04-22 00:25:43,814 - INFO - Found 46 articles for TD Bank AI
2025-04-22 00:25:46,821 - INFO - Total articles found for TD (TD Bank) AI: 92
2025-04-22 00:25:46,826 - INFO - Scraping news for SCHW (Charles Schwab) 
2025-04-22 00:25:49,935 - INFO - Found 40 articles for SCHW stock
2025-04-22 00:26:00,752 - INFO - Found 100 articles for Charles Schwab
2025-04-22 00:26:03,762 - INFO - Total articles found for SCHW (Charles Schwab) : 140
2025-04-22 00:26:03,767 - INFO - Scraping news for SCHW (Charles Schwab) AI
2025-04-22 00:26:06,412 - INFO - Found 33 articles for SCHW stock AI
2025-04-22 00:26:12,745 - INFO - Found 45 articles for Charles Schwab AI
2025-04-22 00:26:15,750 - INFO - Total articles found for SCHW (Charles Schwab) AI: 78
2025-04-22 00:26:15,751 - INFO - Scraping news for BK (Bank of New York Mellon) 
2025-04-22 00:26:19,971 - INFO - Found 52 articles for BK stock
2025-04-22 00:26:28,260 - INFO - Found 75 articles for Bank of New York Mellon
2025-04-22 00:26:31,266 - INFO - Total articles found for BK (Bank of New York Mellon) : 127
2025-04-22 00:26:31,267 - INFO - Scraping news for BK (Bank of New York Mellon) AI
2025-04-22 00:26:34,716 - INFO - Found 40 articles for BK stock AI
2025-04-22 00:26:40,229 - INFO - Found 30 articles for Bank of New York Mellon AI
2025-04-22 00:26:43,235 - INFO - Total articles found for BK (Bank of New York Mellon) AI: 70
2025-04-22 00:26:43,236 - INFO - Scraping news for STT (State Street) 
2025-04-22 00:26:47,108 - INFO - Found 48 articles for STT stock
2025-04-22 00:26:57,902 - INFO - Found 100 articles for State Street
2025-04-22 00:27:00,910 - INFO - Total articles found for STT (State Street) : 148
2025-04-22 00:27:00,915 - INFO - Scraping news for STT (State Street) AI
2025-04-22 00:27:01,930 - INFO - Found 6 articles for STT stock AI
2025-04-22 00:27:08,395 - INFO - Found 32 articles for State Street AI
2025-04-22 00:27:11,399 - INFO - Total articles found for STT (State Street) AI: 38
2025-04-22 00:27:11,403 - INFO - Scraping news for AXP (American Express) 
2025-04-22 00:27:16,339 - INFO - Found 61 articles for AXP stock
2025-04-22 00:27:26,803 - INFO - Found 100 articles for American Express
2025-04-22 00:27:29,809 - INFO - Total articles found for AXP (American Express) : 161
2025-04-22 00:27:29,815 - INFO - Scraping news for AXP (American Express) AI
2025-04-22 00:27:32,239 - INFO - Found 29 articles for AXP stock AI
2025-04-22 00:27:39,635 - INFO - Found 52 articles for American Express AI
2025-04-22 00:27:42,642 - INFO - Total articles found for AXP (American Express) AI: 81
2025-04-22 00:27:42,645 - INFO - Scraping news for HSBC (HSBC) 
2025-04-22 00:27:46,622 - INFO - Found 52 articles for HSBC stock
2025-04-22 00:27:56,675 - INFO - Found 100 articles for HSBC
2025-04-22 00:27:59,682 - INFO - Total articles found for HSBC (HSBC) : 152
2025-04-22 00:27:59,685 - INFO - Scraping news for HSBC (HSBC) AI
2025-04-22 00:28:01,304 - INFO - Found 17 articles for HSBC stock AI
2025-04-22 00:28:06,308 - INFO - Found 21 articles for HSBC AI
2025-04-22 00:28:09,313 - INFO - Total articles found for HSBC (HSBC) AI: 38
2025-04-22 00:28:09,316 - INFO - Scraping news for CFG (Citizens Financial) 
2025-04-22 00:28:12,792 - INFO - Found 45 articles for CFG stock
2025-04-22 00:28:22,841 - INFO - Found 100 articles for Citizens Financial
2025-04-22 00:28:25,846 - INFO - Total articles found for CFG (Citizens Financial) : 145
2025-04-22 00:28:25,848 - INFO - Scraping news for CFG (Citizens Financial) AI
2025-04-22 00:28:27,457 - INFO - Found 13 articles for CFG stock AI
2025-04-22 00:28:34,354 - INFO - Found 48 articles for Citizens Financial AI
2025-04-22 00:28:37,360 - INFO - Total articles found for CFG (Citizens Financial) AI: 61
2025-04-22 00:28:37,361 - INFO - Scraping news for FITB (Fifth Third Bank) 
2025-04-22 00:28:39,847 - INFO - Found 28 articles for FITB stock
2025-04-22 00:28:46,765 - INFO - Found 47 articles for Fifth Third Bank
2025-04-22 00:28:49,772 - INFO - Total articles found for FITB (Fifth Third Bank) : 75
2025-04-22 00:28:49,776 - INFO - Scraping news for FITB (Fifth Third Bank) AI
2025-04-22 00:28:51,234 - INFO - Found 12 articles for FITB stock AI
2025-04-22 00:28:55,881 - INFO - Found 13 articles for Fifth Third Bank AI
2025-04-22 00:28:58,886 - INFO - Total articles found for FITB (Fifth Third Bank) AI: 25
2025-04-22 00:28:58,888 - INFO - Scraping news for MTB (M&T Bank) 
2025-04-22 00:29:01,439 - INFO - Found 27 articles for MTB stock
2025-04-22 00:29:08,322 - INFO - Found 46 articles for M&T Bank
2025-04-22 00:29:11,329 - INFO - Total articles found for MTB (M&T Bank) : 73
2025-04-22 00:29:11,333 - INFO - Scraping news for MTB (M&T Bank) AI
2025-04-22 00:29:12,104 - INFO - Found 2 articles for MTB stock AI
2025-04-22 00:29:16,553 - INFO - Found 11 articles for M&T Bank AI
2025-04-22 00:29:19,559 - INFO - Total articles found for MTB (M&T Bank) AI: 13
2025-04-22 00:29:19,562 - INFO - Scraping news for HBAN (Huntington Bancshares) 
2025-04-22 00:29:21,953 - INFO - Found 25 articles for HBAN stock
2025-04-22 00:29:31,135 - INFO - Found 70 articles for Huntington Bancshares
2025-04-22 00:29:34,147 - INFO - Total articles found for HBAN (Huntington Bancshares) : 95
2025-04-22 00:29:34,151 - INFO - Scraping news for HBAN (Huntington Bancshares) AI
2025-04-22 00:29:35,019 - INFO - Found 5 articles for HBAN stock AI
2025-04-22 00:29:39,446 - INFO - Found 9 articles for Huntington Bancshares AI
2025-04-22 00:29:42,450 - INFO - Total articles found for HBAN (Huntington Bancshares) AI: 14
2025-04-22 00:29:42,456 - INFO - Scraping news for ALLY (Ally Financial) 
2025-04-22 00:29:46,274 - INFO - Found 38 articles for ALLY stock
2025-04-22 00:29:55,613 - INFO - Found 94 articles for Ally Financial
2025-04-22 00:29:58,620 - INFO - Total articles found for ALLY (Ally Financial) : 132
2025-04-22 00:29:58,623 - INFO - Scraping news for ALLY (Ally Financial) AI
2025-04-22 00:30:01,154 - INFO - Found 28 articles for ALLY stock AI
2025-04-22 00:30:05,987 - INFO - Found 20 articles for Ally Financial AI
2025-04-22 00:30:08,992 - INFO - Total articles found for ALLY (Ally Financial) AI: 48
2025-04-22 00:30:08,993 - INFO - Scraping news for KEY (KeyCorp) 
2025-04-22 00:30:14,360 - INFO - Found 69 articles for KEY stock
2025-04-22 00:30:24,047 - INFO - Found 99 articles for KeyCorp
2025-04-22 00:30:27,062 - INFO - Total articles found for KEY (KeyCorp) : 168
2025-04-22 00:30:27,065 - INFO - Scraping news for KEY (KeyCorp) AI
2025-04-22 00:30:31,248 - INFO - Found 54 articles for KEY stock AI
2025-04-22 00:30:36,050 - INFO - Found 16 articles for KeyCorp AI
2025-04-22 00:30:39,057 - INFO - Total articles found for KEY (KeyCorp) AI: 70
2025-04-22 00:30:39,061 - INFO - Scraping news for RY (Royal Bank of Canada) 
2025-04-22 00:30:43,188 - INFO - Found 40 articles for RY stock
2025-04-22 00:30:54,532 - INFO - Found 100 articles for Royal Bank of Canada
2025-04-22 00:30:57,538 - INFO - Total articles found for RY (Royal Bank of Canada) : 140
2025-04-22 00:30:57,542 - INFO - Scraping news for RY (Royal Bank of Canada) AI
2025-04-22 00:31:00,786 - INFO - Found 40 articles for RY stock AI
2025-04-22 00:31:07,749 - INFO - Found 54 articles for Royal Bank of Canada AI
2025-04-22 00:31:10,757 - INFO - Total articles found for RY (Royal Bank of Canada) AI: 94
2025-04-22 00:31:10,760 - INFO - Scraping news for SAN (Santander) 
2025-04-22 00:31:14,568 - INFO - Found 47 articles for SAN stock
2025-04-22 00:31:24,427 - INFO - Found 100 articles for Santander
2025-04-22 00:31:27,433 - INFO - Total articles found for SAN (Santander) : 147
2025-04-22 00:31:27,435 - INFO - Scraping news for SAN (Santander) AI
2025-04-22 00:31:29,345 - INFO - Found 16 articles for SAN stock AI
2025-04-22 00:31:33,766 - INFO - Found 13 articles for Santander AI
2025-04-22 00:31:36,772 - INFO - Total articles found for SAN (Santander) AI: 29
2025-04-22 00:31:36,773 - INFO - Scraping news for NTRS (Northern Trust) 
2025-04-22 00:31:37,992 - INFO - Found 10 articles for NTRS stock
2025-04-22 00:31:45,348 - INFO - Found 53 articles for Northern Trust
2025-04-22 00:31:48,354 - INFO - Total articles found for NTRS (Northern Trust) : 63
2025-04-22 00:31:48,357 - INFO - Scraping news for NTRS (Northern Trust) AI
2025-04-22 00:31:49,459 - INFO - Found 9 articles for NTRS stock AI
2025-04-22 00:31:55,850 - INFO - Found 34 articles for Northern Trust AI
2025-04-22 00:31:58,857 - INFO - Total articles found for NTRS (Northern Trust) AI: 43
2025-04-22 00:31:58,861 - INFO - Scraping news for RF (Regions Financial) 
2025-04-22 00:32:03,291 - INFO - Found 47 articles for RF stock
2025-04-22 00:32:12,459 - INFO - Found 89 articles for Regions Financial
2025-04-22 00:32:15,467 - INFO - Total articles found for RF (Regions Financial) : 136
2025-04-22 00:32:15,472 - INFO - Scraping news for RF (Regions Financial) AI
2025-04-22 00:32:16,465 - INFO - Found 6 articles for RF stock AI
2025-04-22 00:32:23,047 - INFO - Found 48 articles for Regions Financial AI
2025-04-22 00:32:26,052 - INFO - Total articles found for RF (Regions Financial) AI: 54
2025-04-22 00:32:26,053 - INFO - Scraping news for SYF (Synchrony Financial) 
2025-04-22 00:32:27,580 - INFO - Found 15 articles for SYF stock
2025-04-22 00:32:33,606 - INFO - Found 42 articles for Synchrony Financial
2025-04-22 00:32:36,611 - INFO - Total articles found for SYF (Synchrony Financial) : 57
2025-04-22 00:32:36,613 - INFO - Scraping news for SYF (Synchrony Financial) AI
2025-04-22 00:32:37,519 - INFO - Found 5 articles for SYF stock AI
2025-04-22 00:32:41,296 - INFO - Found 4 articles for Synchrony Financial AI
2025-04-22 00:32:44,302 - INFO - Total articles found for SYF (Synchrony Financial) AI: 9
2025-04-22 00:32:44,303 - INFO - Scraping news for NBHC (National Bank Holdings) 
2025-04-22 00:32:45,090 - INFO - Found 4 articles for NBHC stock
2025-04-22 00:32:52,190 - INFO - Found 56 articles for National Bank Holdings
2025-04-22 00:32:55,196 - INFO - Total articles found for NBHC (National Bank Holdings) : 60
2025-04-22 00:32:55,197 - INFO - Scraping news for NBHC (National Bank Holdings) AI
2025-04-22 00:32:55,921 - INFO - Found 3 articles for NBHC stock AI
2025-04-22 00:33:01,151 - INFO - Found 24 articles for National Bank Holdings AI
2025-04-22 00:33:04,157 - INFO - Total articles found for NBHC (National Bank Holdings) AI: 27
2025-04-22 00:33:04,158 - INFO - Scraping news for ZION (Zions Bancorporation) 
2025-04-22 00:33:07,605 - INFO - Found 44 articles for ZION stock
2025-04-22 00:33:13,692 - INFO - Found 42 articles for Zions Bancorporation
2025-04-22 00:33:16,698 - INFO - Total articles found for ZION (Zions Bancorporation) : 86
2025-04-22 00:33:16,700 - INFO - Scraping news for ZION (Zions Bancorporation) AI
2025-04-22 00:33:17,805 - INFO - Found 8 articles for ZION stock AI
2025-04-22 00:33:21,795 - INFO - Found 7 articles for Zions Bancorporation AI
2025-04-22 00:33:24,801 - INFO - Total articles found for ZION (Zions Bancorporation) AI: 15
2025-04-22 00:33:24,801 - INFO - Scraping news for FHN (First Horizon) 
2025-04-22 00:33:27,239 - INFO - Found 30 articles for FHN stock
2025-04-22 00:33:34,986 - INFO - Found 67 articles for First Horizon
2025-04-22 00:33:37,993 - INFO - Total articles found for FHN (First Horizon) : 97
2025-04-22 00:33:37,994 - INFO - Scraping news for FHN (First Horizon) AI
2025-04-22 00:33:39,255 - INFO - Found 10 articles for FHN stock AI
2025-04-22 00:33:46,136 - INFO - Found 51 articles for First Horizon AI
2025-04-22 00:33:49,143 - INFO - Total articles found for FHN (First Horizon) AI: 61
2025-04-22 00:33:49,147 - INFO - Scraping news for AAPL (Apple) 
2025-04-22 00:33:56,025 - INFO - Found 100 articles for AAPL stock
2025-04-22 00:34:05,972 - INFO - Found 100 articles for Apple
2025-04-22 00:34:08,978 - INFO - Total articles found for AAPL (Apple) : 200
2025-04-22 00:34:08,982 - INFO - Scraping news for AAPL (Apple) AI
2025-04-22 00:34:12,278 - INFO - Found 35 articles for AAPL stock AI
2025-04-22 00:34:22,269 - INFO - Found 100 articles for Apple AI
2025-04-22 00:34:25,275 - INFO - Total articles found for AAPL (Apple) AI: 135
2025-04-22 00:34:25,278 - INFO - Scraping news for MSFT (Microsoft) 
2025-04-22 00:34:32,113 - INFO - Found 100 articles for MSFT stock
2025-04-22 00:34:41,830 - INFO - Found 100 articles for Microsoft
2025-04-22 00:34:44,836 - INFO - Total articles found for MSFT (Microsoft) : 200
2025-04-22 00:34:44,839 - INFO - Scraping news for MSFT (Microsoft) AI
2025-04-22 00:34:47,989 - INFO - Found 33 articles for MSFT stock AI
2025-04-22 00:34:59,311 - INFO - Found 100 articles for Microsoft AI
2025-04-22 00:35:02,318 - INFO - Total articles found for MSFT (Microsoft) AI: 133
2025-04-22 00:35:02,329 - INFO - Scraping news for GOOGL (Google) 
2025-04-22 00:35:08,127 - INFO - Found 66 articles for GOOGL stock
2025-04-22 00:35:18,271 - INFO - Found 100 articles for Google
2025-04-22 00:35:21,279 - INFO - Total articles found for GOOGL (Google) : 166
2025-04-22 00:35:21,282 - INFO - Scraping news for GOOGL (Google) AI
2025-04-22 00:35:24,100 - INFO - Found 29 articles for GOOGL stock AI
2025-04-22 00:35:34,230 - INFO - Found 100 articles for Google AI
2025-04-22 00:35:37,241 - INFO - Total articles found for GOOGL (Google) AI: 129
2025-04-22 00:35:37,246 - INFO - Scraping news for GOOG (Google) 
2025-04-22 00:35:40,297 - INFO - Found 35 articles for GOOG stock
2025-04-22 00:35:49,686 - INFO - Found 100 articles for Google
2025-04-22 00:35:52,698 - INFO - Total articles found for GOOG (Google) : 135
2025-04-22 00:35:52,701 - INFO - Scraping news for GOOG (Google) AI
2025-04-22 00:35:55,592 - INFO - Found 34 articles for GOOG stock AI
2025-04-22 00:36:06,280 - INFO - Found 100 articles for Google AI
2025-04-22 00:36:09,292 - INFO - Total articles found for GOOG (Google) AI: 134
2025-04-22 00:36:09,305 - INFO - Scraping news for AMZN (Amazon) 
2025-04-22 00:36:17,905 - INFO - Found 100 articles for AMZN stock
2025-04-22 00:36:27,909 - INFO - Found 100 articles for Amazon
2025-04-22 00:36:30,921 - INFO - Total articles found for AMZN (Amazon) : 200
2025-04-22 00:36:30,923 - INFO - Scraping news for AMZN (Amazon) AI
2025-04-22 00:36:34,201 - INFO - Found 41 articles for AMZN stock AI
2025-04-22 00:36:44,248 - INFO - Found 100 articles for Amazon AI
2025-04-22 00:36:47,256 - INFO - Total articles found for AMZN (Amazon) AI: 141
2025-04-22 00:36:47,260 - INFO - Scraping news for META (Meta) 
2025-04-22 00:36:54,352 - INFO - Found 100 articles for META stock
2025-04-22 00:37:04,449 - INFO - Found 100 articles for Meta
2025-04-22 00:37:07,461 - INFO - Total articles found for META (Meta) : 200
2025-04-22 00:37:07,465 - INFO - Scraping news for META (Meta) AI
2025-04-22 00:37:10,247 - INFO - Found 31 articles for META stock AI
2025-04-22 00:37:21,011 - INFO - Found 100 articles for Meta AI
2025-04-22 00:37:24,015 - INFO - Total articles found for META (Meta) AI: 131
2025-04-22 00:37:24,020 - INFO - Scraping news for NVDA (NVIDIA) 
2025-04-22 00:37:31,542 - INFO - Found 100 articles for NVDA stock
2025-04-22 00:37:41,933 - INFO - Found 100 articles for NVIDIA
2025-04-22 00:37:44,944 - INFO - Total articles found for NVDA (NVIDIA) : 200
2025-04-22 00:37:44,947 - INFO - Scraping news for NVDA (NVIDIA) AI
2025-04-22 00:37:51,993 - INFO - Found 100 articles for NVDA stock AI
2025-04-22 00:38:01,799 - INFO - Found 100 articles for NVIDIA AI
2025-04-22 00:38:04,811 - INFO - Total articles found for NVDA (NVIDIA) AI: 200
2025-04-22 00:38:04,814 - INFO - Scraping news for TSM (TSMC) 
2025-04-22 00:38:11,404 - INFO - Found 92 articles for TSM stock
2025-04-22 00:38:21,167 - INFO - Found 100 articles for TSMC
2025-04-22 00:38:24,179 - INFO - Total articles found for TSM (TSMC) : 192
2025-04-22 00:38:24,183 - INFO - Scraping news for TSM (TSMC) AI
2025-04-22 00:38:27,050 - INFO - Found 37 articles for TSM stock AI
2025-04-22 00:38:36,605 - INFO - Found 100 articles for TSMC AI
2025-04-22 00:38:39,629 - INFO - Total articles found for TSM (TSMC) AI: 137
2025-04-22 00:38:39,634 - INFO - Scraping news for ADBE (Adobe) 
2025-04-22 00:38:43,269 - INFO - Found 42 articles for ADBE stock
2025-04-22 00:38:53,029 - INFO - Found 100 articles for Adobe
2025-04-22 00:38:56,041 - INFO - Total articles found for ADBE (Adobe) : 142
2025-04-22 00:38:56,044 - INFO - Scraping news for ADBE (Adobe) AI
2025-04-22 00:38:59,899 - INFO - Found 52 articles for ADBE stock AI
2025-04-22 00:39:06,110 - INFO - Found 44 articles for Adobe AI
2025-04-22 00:39:09,121 - INFO - Total articles found for ADBE (Adobe) AI: 96
2025-04-22 00:39:09,121 - INFO - Scraping news for INTC (Intel) 
2025-04-22 00:39:15,880 - INFO - Found 100 articles for INTC stock
2025-04-22 00:39:25,735 - INFO - Found 100 articles for Intel
2025-04-22 00:39:28,746 - INFO - Total articles found for INTC (Intel) : 200
2025-04-22 00:39:28,747 - INFO - Scraping news for INTC (Intel) AI
2025-04-22 00:39:31,572 - INFO - Found 34 articles for INTC stock AI
2025-04-22 00:39:41,357 - INFO - Found 100 articles for Intel AI
2025-04-22 00:39:44,367 - INFO - Total articles found for INTC (Intel) AI: 134
2025-04-22 00:39:44,369 - INFO - Scraping news for CSCO (Cisco) 
2025-04-22 00:39:47,171 - INFO - Found 35 articles for CSCO stock
2025-04-22 00:39:56,883 - INFO - Found 95 articles for Cisco
2025-04-22 00:39:59,893 - INFO - Total articles found for CSCO (Cisco) : 130
2025-04-22 00:39:59,895 - INFO - Scraping news for CSCO (Cisco) AI
2025-04-22 00:40:01,285 - INFO - Found 14 articles for CSCO stock AI
2025-04-22 00:40:06,670 - INFO - Found 30 articles for Cisco AI
2025-04-22 00:40:09,681 - INFO - Total articles found for CSCO (Cisco) AI: 44
2025-04-22 00:40:09,682 - INFO - Scraping news for ORCL (Oracle) 
2025-04-22 00:40:12,928 - INFO - Found 40 articles for ORCL stock
2025-04-22 00:40:22,627 - INFO - Found 100 articles for Oracle
2025-04-22 00:40:25,638 - INFO - Total articles found for ORCL (Oracle) : 140
2025-04-22 00:40:25,640 - INFO - Scraping news for ORCL (Oracle) AI
2025-04-22 00:40:27,284 - INFO - Found 18 articles for ORCL stock AI
2025-04-22 00:40:32,800 - INFO - Found 32 articles for Oracle AI
2025-04-22 00:40:35,813 - INFO - Total articles found for ORCL (Oracle) AI: 50
2025-04-22 00:40:35,815 - INFO - Scraping news for IBM (IBM) 
2025-04-22 00:40:38,909 - INFO - Found 37 articles for IBM stock
2025-04-22 00:40:49,508 - INFO - Found 100 articles for IBM
2025-04-22 00:40:52,522 - INFO - Total articles found for IBM (IBM) : 137
2025-04-22 00:40:52,534 - INFO - Scraping news for IBM (IBM) AI
2025-04-22 00:40:56,651 - INFO - Found 43 articles for IBM stock AI
2025-04-22 00:41:04,653 - INFO - Found 71 articles for IBM AI
2025-04-22 00:41:07,664 - INFO - Total articles found for IBM (IBM) AI: 114
2025-04-22 00:41:07,665 - INFO - Scraping news for CRM (Salesforce) 
2025-04-22 00:41:10,510 - INFO - Found 36 articles for CRM stock
2025-04-22 00:41:20,400 - INFO - Found 100 articles for Salesforce
2025-04-22 00:41:23,412 - INFO - Total articles found for CRM (Salesforce) : 136
2025-04-22 00:41:23,415 - INFO - Scraping news for CRM (Salesforce) AI
2025-04-22 00:41:26,647 - INFO - Found 45 articles for CRM stock AI
2025-04-22 00:41:35,579 - INFO - Found 88 articles for Salesforce AI
2025-04-22 00:41:38,590 - INFO - Total articles found for CRM (Salesforce) AI: 133
2025-04-22 00:41:38,592 - INFO - Scraping news for QCOM (Qualcomm) 
2025-04-22 00:41:42,513 - INFO - Found 55 articles for QCOM stock
2025-04-22 00:41:52,288 - INFO - Found 100 articles for Qualcomm
2025-04-22 00:41:55,299 - INFO - Total articles found for QCOM (Qualcomm) : 155
2025-04-22 00:41:55,301 - INFO - Scraping news for QCOM (Qualcomm) AI
2025-04-22 00:41:58,885 - INFO - Found 39 articles for QCOM stock AI
2025-04-22 00:42:04,869 - INFO - Found 27 articles for Qualcomm AI
2025-04-22 00:42:07,880 - INFO - Total articles found for QCOM (Qualcomm) AI: 66
2025-04-22 00:42:07,883 - INFO - Scraping news for AVGO (Broadcom) 
2025-04-22 00:42:11,221 - INFO - Found 36 articles for AVGO stock
2025-04-22 00:42:21,707 - INFO - Found 100 articles for Broadcom
2025-04-22 00:42:24,719 - INFO - Total articles found for AVGO (Broadcom) : 136
2025-04-22 00:42:24,722 - INFO - Scraping news for AVGO (Broadcom) AI
2025-04-22 00:42:27,462 - INFO - Found 33 articles for AVGO stock AI
2025-04-22 00:42:32,910 - INFO - Found 29 articles for Broadcom AI
2025-04-22 00:42:35,921 - INFO - Total articles found for AVGO (Broadcom) AI: 62
2025-04-22 00:42:35,923 - INFO - Scraping news for TXN (Texas Instruments) 
2025-04-22 00:42:38,159 - INFO - Found 25 articles for TXN stock
2025-04-22 00:42:45,306 - INFO - Found 56 articles for Texas Instruments
2025-04-22 00:42:48,317 - INFO - Total articles found for TXN (Texas Instruments) : 81
2025-04-22 00:42:48,320 - INFO - Scraping news for TXN (Texas Instruments) AI
2025-04-22 00:42:49,682 - INFO - Found 12 articles for TXN stock AI
2025-04-22 00:42:56,491 - INFO - Found 52 articles for Texas Instruments AI
2025-04-22 00:42:59,492 - INFO - Total articles found for TXN (Texas Instruments) AI: 64
2025-04-22 00:42:59,493 - INFO - Scraping news for AMD (AMD) 
2025-04-22 00:43:06,193 - INFO - Found 100 articles for AMD stock
2025-04-22 00:43:16,271 - INFO - Found 100 articles for AMD
2025-04-22 00:43:19,282 - INFO - Total articles found for AMD (AMD) : 200
2025-04-22 00:43:19,294 - INFO - Scraping news for AMD (AMD) AI
2025-04-22 00:43:24,176 - INFO - Found 57 articles for AMD stock AI
2025-04-22 00:43:34,142 - INFO - Found 100 articles for AMD AI
2025-04-22 00:43:37,153 - INFO - Total articles found for AMD (AMD) AI: 157
2025-04-22 00:43:37,155 - INFO - Scraping news for AMAT (Applied Materials) 
2025-04-22 00:43:40,824 - INFO - Found 50 articles for AMAT stock
2025-04-22 00:43:48,333 - INFO - Found 66 articles for Applied Materials
2025-04-22 00:43:51,344 - INFO - Total articles found for AMAT (Applied Materials) : 116
2025-04-22 00:43:51,347 - INFO - Scraping news for AMAT (Applied Materials) AI
2025-04-22 00:43:53,334 - INFO - Found 20 articles for AMAT stock AI
2025-04-22 00:43:58,854 - INFO - Found 32 articles for Applied Materials AI
2025-04-22 00:44:01,863 - INFO - Total articles found for AMAT (Applied Materials) AI: 52
2025-04-22 00:44:01,864 - INFO - Scraping news for MU (Micron) 
2025-04-22 00:44:05,467 - INFO - Found 45 articles for MU stock
2025-04-22 00:44:15,324 - INFO - Found 100 articles for Micron
2025-04-22 00:44:18,336 - INFO - Total articles found for MU (Micron) : 145
2025-04-22 00:44:18,340 - INFO - Scraping news for MU (Micron) AI
2025-04-22 00:44:21,081 - INFO - Found 35 articles for MU stock AI
2025-04-22 00:44:27,288 - INFO - Found 43 articles for Micron AI
2025-04-22 00:44:30,292 - INFO - Total articles found for MU (Micron) AI: 78
2025-04-22 00:44:30,293 - INFO - Scraping news for NET (Cloudflare) 
2025-04-22 00:44:35,055 - INFO - Found 63 articles for NET stock
2025-04-22 00:44:41,273 - INFO - Found 42 articles for Cloudflare
2025-04-22 00:44:44,285 - INFO - Total articles found for NET (Cloudflare) : 105
2025-04-22 00:44:44,288 - INFO - Scraping news for NET (Cloudflare) AI
2025-04-22 00:44:48,069 - INFO - Found 48 articles for NET stock AI
2025-04-22 00:44:53,603 - INFO - Found 31 articles for Cloudflare AI
2025-04-22 00:44:56,613 - INFO - Total articles found for NET (Cloudflare) AI: 79
2025-04-22 00:44:56,614 - INFO - Scraping news for NOW (ServiceNow) 
2025-04-22 00:45:03,399 - INFO - Found 100 articles for NOW stock
2025-04-22 00:45:13,315 - INFO - Found 100 articles for ServiceNow
2025-04-22 00:45:16,326 - INFO - Total articles found for NOW (ServiceNow) : 200
2025-04-22 00:45:16,328 - INFO - Scraping news for NOW (ServiceNow) AI
2025-04-22 00:45:19,409 - INFO - Found 37 articles for NOW stock AI
2025-04-22 00:45:24,651 - INFO - Found 28 articles for ServiceNow AI
2025-04-22 00:45:27,662 - INFO - Total articles found for NOW (ServiceNow) AI: 65
2025-04-22 00:45:27,665 - INFO - Scraping news for SNOW (Snowflake) 
2025-04-22 00:45:31,167 - INFO - Found 45 articles for SNOW stock
2025-04-22 00:45:41,416 - INFO - Found 93 articles for Snowflake
2025-04-22 00:45:44,428 - INFO - Total articles found for SNOW (Snowflake) : 138
2025-04-22 00:45:44,432 - INFO - Scraping news for SNOW (Snowflake) AI
2025-04-22 00:45:48,551 - INFO - Found 43 articles for SNOW stock AI
2025-04-22 00:45:54,122 - INFO - Found 30 articles for Snowflake AI
2025-04-22 00:45:57,133 - INFO - Total articles found for SNOW (Snowflake) AI: 73
2025-04-22 00:45:57,143 - INFO - Scraping news for DOCU (DocuSign) 
2025-04-22 00:46:02,109 - INFO - Found 49 articles for DOCU stock
2025-04-22 00:46:10,678 - INFO - Found 78 articles for DocuSign
2025-04-22 00:46:13,695 - INFO - Total articles found for DOCU (DocuSign) : 127
2025-04-22 00:46:13,700 - INFO - Scraping news for DOCU (DocuSign) AI
2025-04-22 00:46:15,166 - INFO - Found 13 articles for DOCU stock AI
2025-04-22 00:46:19,687 - INFO - Found 12 articles for DocuSign AI
2025-04-22 00:46:22,699 - INFO - Total articles found for DOCU (DocuSign) AI: 25
2025-04-22 00:46:22,701 - INFO - Scraping news for SHOP (Shopify) 
2025-04-22 00:46:30,877 - INFO - Found 100 articles for SHOP stock
2025-04-22 00:46:42,348 - INFO - Found 100 articles for Shopify
2025-04-22 00:46:45,360 - INFO - Total articles found for SHOP (Shopify) : 200
2025-04-22 00:46:45,366 - INFO - Scraping news for SHOP (Shopify) AI
2025-04-22 00:46:50,024 - INFO - Found 49 articles for SHOP stock AI
2025-04-22 00:46:55,405 - INFO - Found 27 articles for Shopify AI
2025-04-22 00:46:58,421 - INFO - Total articles found for SHOP (Shopify) AI: 76
2025-04-22 00:46:58,425 - INFO - Scraping news for UBER (Uber) 
2025-04-22 00:47:03,875 - INFO - Found 54 articles for UBER stock
2025-04-22 00:47:16,875 - INFO - Found 100 articles for Uber
2025-04-22 00:47:19,890 - INFO - Total articles found for UBER (Uber) : 154
2025-04-22 00:47:19,896 - INFO - Scraping news for UBER (Uber) AI
2025-04-22 00:47:23,494 - INFO - Found 41 articles for UBER stock AI
2025-04-22 00:47:30,469 - INFO - Found 48 articles for Uber AI
2025-04-22 00:47:33,481 - INFO - Total articles found for UBER (Uber) AI: 89
2025-04-22 00:47:33,484 - INFO - Scraping news for LYFT (Lyft) 
2025-04-22 00:47:39,178 - INFO - Found 74 articles for LYFT stock
2025-04-22 00:47:50,701 - INFO - Found 100 articles for Lyft
2025-04-22 00:47:53,715 - INFO - Total articles found for LYFT (Lyft) : 174
2025-04-22 00:47:53,720 - INFO - Scraping news for LYFT (Lyft) AI
2025-04-22 00:47:56,670 - INFO - Found 28 articles for LYFT stock AI
2025-04-22 00:48:02,623 - INFO - Found 39 articles for Lyft AI
2025-04-22 00:48:05,636 - INFO - Total articles found for LYFT (Lyft) AI: 67
2025-04-22 00:48:05,642 - INFO - Scraping news for SNAP (Snap) 
2025-04-22 00:48:09,083 - INFO - Found 43 articles for SNAP stock
2025-04-22 00:48:19,883 - INFO - Found 100 articles for Snap
2025-04-22 00:48:22,895 - INFO - Total articles found for SNAP (Snap) : 143
2025-04-22 00:48:22,899 - INFO - Scraping news for SNAP (Snap) AI
2025-04-22 00:48:28,547 - INFO - Found 63 articles for SNAP stock AI
2025-04-22 00:48:35,469 - INFO - Found 42 articles for Snap AI
2025-04-22 00:48:38,481 - INFO - Total articles found for SNAP (Snap) AI: 105
2025-04-22 00:48:38,489 - INFO - Scraping news for HRB (H&R Block) 
2025-04-22 00:48:41,456 - INFO - Found 28 articles for HRB stock
2025-04-22 00:48:48,882 - INFO - Found 49 articles for H&R Block
2025-04-22 00:48:51,894 - INFO - Total articles found for HRB (H&R Block) : 77
2025-04-22 00:48:51,898 - INFO - Scraping news for HRB (H&R Block) AI
2025-04-22 00:48:53,052 - INFO - Found 6 articles for HRB stock AI
2025-04-22 00:48:57,619 - INFO - Found 15 articles for H&R Block AI
2025-04-22 00:49:00,631 - INFO - Total articles found for HRB (H&R Block) AI: 21
2025-04-22 00:49:00,634 - INFO - Scraping news for DDOG (Datadog) 
2025-04-22 00:49:03,198 - INFO - Found 31 articles for DDOG stock
2025-04-22 00:49:10,959 - INFO - Found 68 articles for Datadog
2025-04-22 00:49:13,971 - INFO - Total articles found for DDOG (Datadog) : 99
2025-04-22 00:49:13,976 - INFO - Scraping news for DDOG (Datadog) AI
2025-04-22 00:49:14,863 - INFO - Found 5 articles for DDOG stock AI
2025-04-22 00:49:19,643 - INFO - Found 21 articles for Datadog AI
2025-04-22 00:49:22,656 - INFO - Total articles found for DDOG (Datadog) AI: 26
2025-04-22 00:49:22,658 - INFO - Total articles scraped across all companies: 16961
2025-04-22 00:49:23,012 - INFO - Created news dataframe with 16961 articles
2025-04-22 00:49:23,471 - INFO - Analysis complete. Files saved.
2025-04-22 00:49:23,471 - INFO - 
Summary Statistics:
2025-04-22 00:49:23,471 - INFO - Total news articles: 16961
2025-04-22 00:49:23,474 - INFO - Articles per sector: sector
EV            3875
Financial     5642
Technology    7444
Name: ticker, dtype: int64
2025-04-22 00:49:23,474 - INFO - 
Average Sentiment by Sector:
2025-04-22 00:49:23,475 - INFO -             general_sentiment  ai_sentiment  combined_sentiment
sector                                                         
EV                  -0.912351     -0.891601           -0.901976
Financial           -0.752375     -0.702620           -0.727498
Technology          -0.796900     -0.826051           -0.811476
2025-04-22 00:49:23,492 - INFO - 
Portfolio Summary:
2025-04-22 00:49:23,492 - INFO -    portfolio_id                 description  avg_ai_sentiment  avg_general_sentiment
0             1  High Positive AI Sentiment         -0.626119              -0.732356
1             2        Neutral AI Sentiment         -0.843971              -0.820171
2             3   Negative/Low AI Sentiment         -0.939744              -0.900027
